EJECUTANDO

> apis_bestplacetoinnovate@1.0.0 start /home/desa/Chile/apis_bestplacetoinnovate
> node server.js

app is running on port 60000
Killed
npm ERR! code ELIFECYCLE
npm ERR! errno 137
npm ERR! apis_bestplacetoinnovate@1.0.0 start: `node server.js`
npm ERR! Exit status 137
npm ERR! 
npm ERR! Failed at the apis_bestplacetoinnovate@1.0.0 start script.
npm ERR! This is probably not a problem with npm. There is likely additional logging output above.

npm ERR! A complete log of this run can be found in:
npm ERR!     /root/.npm/_logs/2020-02-27T21_41_16_947Z-debug.log
EJECUTANDO

> apis_bestplacetoinnovate@1.0.0 start /home/desa/Chile/apis_bestplacetoinnovate
> node server.js

app is running on port 60000
Killed
npm ERR! code ELIFECYCLE
npm ERR! errno 137
npm ERR! apis_bestplacetoinnovate@1.0.0 start: `node server.js`
npm ERR! Exit status 137
npm ERR! 
npm ERR! Failed at the apis_bestplacetoinnovate@1.0.0 start script.
npm ERR! This is probably not a problem with npm. There is likely additional logging output above.

npm ERR! A complete log of this run can be found in:
npm ERR!     /root/.npm/_logs/2020-02-27T21_43_26_194Z-debug.log
